#
# There is insufficient memory for the Java Runtime Environment to continue.
# Native memory allocation (mmap) failed to map 100663296 bytes. Error detail: G1 virtual space
# Possible reasons:
#   The system is out of physical RAM or swap space
#   This process is running with CompressedOops enabled, and the Java Heap may be blocking the growth of the native heap
# Possible solutions:
#   Reduce memory load on the system
#   Increase physical memory or swap space
#   Check if swap backing store is full
#   Decrease Java heap size (-Xmx/-Xms)
#   Decrease number of Java threads
#   Decrease Java thread stack sizes (-Xss)
#   Set larger code cache with -XX:ReservedCodeCacheSize=
#   JVM is running with Unscaled Compressed Oops mode in which the Java heap is
#     placed in the first 4GB address space. The Java Heap base address is the
#     maximum limit for the native heap growth. Please use -XX:HeapBaseMinAddress
#     to set the Java Heap base and to place the Java Heap above 4GB virtual address.
# This output file may be truncated or incomplete.
#
#  Out of Memory Error (os_windows.cpp:3631), pid=16612, tid=17240
#
# JRE version:  (22.0.1+8) (build )
# Java VM: Java HotSpot(TM) 64-Bit Server VM (22.0.1+8-16, mixed mode, sharing, tiered, compressed oops, compressed class ptrs, g1 gc, windows-amd64)
# No core dump will be written. Minidumps are not enabled by default on client versions of Windows
#

---------------  S U M M A R Y ------------

Command Line: -Dfile.encoding=UTF-8 --module-path=C:\Users\hp\Documents\NetBeansProjects\Fee_Management_System\build\classes fee_management_system.AddStud

Host: AMD Ryzen 5 3500U with Radeon Vega Mobile Gfx  , 8 cores, 5G,  Windows 10 , 64 bit Build 19041 (10.0.19041.4597)
Time: Fri Aug  9 12:32:14 2024 India Standard Time elapsed time: 0.030965 seconds (0d 0h 0m 0s)

---------------  T H R E A D  ---------------

Current thread (0x000001f3fe94c0e0):  JavaThread "Unknown thread" [_thread_in_vm, id=17240, stack(0x0000007a97e00000,0x0000007a97f00000) (1024K)]

Stack: [0x0000007a97e00000,0x0000007a97f00000]
Native frames: (J=compiled Java code, j=interpreted, Vv=VM code, C=native code)
V  [jvm.dll+0x6e2279]  (no source info available)
V  [jvm.dll+0x874e33]  (no source info available)
V  [jvm.dll+0x87725e]  (no source info available)
V  [jvm.dll+0x877933]  (no source info available)
V  [jvm.dll+0x27fd76]  (no source info available)
V  [jvm.dll+0x6de915]  (no source info available)
V  [jvm.dll+0x6d341a]  (no source info available)
V  [jvm.dll+0x3589da]  (no source info available)
V  [jvm.dll+0x360f06]  (no source info available)
V  [jvm.dll+0x3b3e2e]  (no source info available)
V  [jvm.dll+0x3b40d8]  (no source info available)
V  [jvm.dll+0x32c59c]  (no source info available)
V  [jvm.dll+0x32d158]  (no source info available)
V  [jvm.dll+0x83ccdc]  (no source info available)
V  [jvm.dll+0x3c0d71]  (no source info available)
V  [jvm.dll+0x825ccc]  (no source info available)
V  [jvm.dll+0x45b8fe]  (no source info available)
V  [jvm.dll+0x45d781]  (no source info available)
C  [jli.dll+0x52a3]  (no source info available)
C  [ucrtbase.dll+0x21bb2]  (no source info available)
C  [KERNEL32.DLL+0x17374]  (no source info available)
C  [ntdll.dll+0x4cc91]  (no source info available)


---------------  P R O C E S S  ---------------

Threads class SMR info:
_java_thread_list=0x00007ffca980b1c8, length=0, elements={
}

Java Threads: ( => current thread )
Total: 0

Other Threads:
  0x000001f3ff6d43b0 WorkerThread "GC Thread#0"                     [id=15564, stack(0x0000007a97f00000,0x0000007a98000000) (1024K)]
  0x000001f3ff6e3610 ConcurrentGCThread "G1 Main Marker"            [id=17964, stack(0x0000007a98000000,0x0000007a98100000) (1024K)]
  0x000001f3ff6e4030 WorkerThread "G1 Conc#0"                       [id=17396, stack(0x0000007a98100000,0x0000007a98200000) (1024K)]

[error occurred during error reporting (printing all threads), id 0xc0000005, EXCEPTION_ACCESS_VIOLATION (0xc0000005) at pc=0x00007ffca8f5f367]
VM state: not at safepoint (not fully initialized)

VM Mutex/Monitor currently owned by a thread:  ([mutex/lock_event])
[0x00007ffca988bcb8] Heap_lock - owner thread: 0x000001f3fe94c0e0

Heap address: 0x00000000a1400000, size: 1516 MB, Compressed Oops mode: 32-bit

CDS archive(s) mapped at: [0x0000000000000000-0x0000000000000000-0x0000000000000000), size 0, SharedBaseAddress: 0x0000000800000000, ArchiveRelocationMode: 1.
Narrow klass base: 0x0000000000000000, Narrow klass shift: 0, Narrow klass range: 0x0

GC Precious Log:
 CardTable entry size: 512
 Card Set container configuration: InlinePtr #cards 5 size 8 Array Of Cards #cards 12 size 40 Howl #buckets 4 coarsen threshold 1843 Howl Bitmap #cards 512 size 80 coarsen threshold 460 Card regions per heap region 1 cards per card region 2048

Heap:
 garbage-first heap   total reserved 1552384K, committed 0K, used 0K [0x00000000a1400000, 0x0000000100000000)
  region size 1024K, 0 young (0K), 0 survivors (0K)

[error occurred during error reporting (printing heap information), id 0xc0000005, EXCEPTION_ACCESS_VIOLATION (0xc0000005) at pc=0x00007ffca935e429]
GC Heap History (0 events):
No events

Dll operation events (1 events):
Event: 0.016 Loaded shared library C:\Program Files\Java\jdk-22\bin\java.dll

Deoptimization events (0 events):
No events

Classes loaded (0 events):
No events

Classes unloaded (0 events):
No events

Classes redefined (0 events):
No events

Internal exceptions (0 events):
No events

ZGC Phase Switch (0 events):
No events

VM Operations (0 events):
No events

Events (0 events):
No events


Dynamic libraries:
0x00007ff60c1a0000 - 0x00007ff60c1b0000 	C:\Program Files\Java\jdk-22\bin\java.exe
0x00007ffcd2dd0000 - 0x00007ffcd2fc8000 	C:\Windows\SYSTEM32\ntdll.dll
0x00007ffcd2290000 - 0x00007ffcd2351000 	C:\Windows\System32\KERNEL32.DLL
0x00007ffcd07a0000 - 0x00007ffcd0a96000 	C:\Windows\System32\KERNELBASE.dll
0x00007ffcd06a0000 - 0x00007ffcd07a0000 	C:\Windows\System32\ucrtbase.dll
0x00007ffcccd10000 - 0x00007ffcccd2b000 	C:\Program Files\Java\jdk-22\bin\VCRUNTIME140.dll
0x00007ffcbd830000 - 0x00007ffcbd847000 	C:\Program Files\Java\jdk-22\bin\jli.dll
0x00007ffcd0e00000 - 0x00007ffcd0eb0000 	C:\Windows\System32\ADVAPI32.dll
0x00007ffcd1e80000 - 0x00007ffcd1f1e000 	C:\Windows\System32\msvcrt.dll
0x00007ffcd1450000 - 0x00007ffcd14f0000 	C:\Windows\System32\sechost.dll
0x00007ffcd2640000 - 0x00007ffcd2763000 	C:\Windows\System32\RPCRT4.dll
0x00007ffcd0dd0000 - 0x00007ffcd0df7000 	C:\Windows\System32\bcrypt.dll
0x00007ffcd2360000 - 0x00007ffcd24ff000 	C:\Windows\System32\USER32.dll
0x00007ffcd0670000 - 0x00007ffcd0692000 	C:\Windows\System32\win32u.dll
0x00007ffcbfcc0000 - 0x00007ffcbff5a000 	C:\Windows\WinSxS\amd64_microsoft.windows.common-controls_6595b64144ccf1df_6.0.19041.4355_none_60b8b9eb71f62e16\COMCTL32.dll
0x00007ffcd1e40000 - 0x00007ffcd1e6b000 	C:\Windows\System32\GDI32.dll
0x00007ffcd0af0000 - 0x00007ffcd0c07000 	C:\Windows\System32\gdi32full.dll
0x00007ffcd0d30000 - 0x00007ffcd0dcd000 	C:\Windows\System32\msvcp_win.dll
0x00007ffcc5b70000 - 0x00007ffcc5b7a000 	C:\Windows\SYSTEM32\VERSION.dll
0x00007ffcd1db0000 - 0x00007ffcd1ddf000 	C:\Windows\System32\IMM32.DLL
0x00007ffccafa0000 - 0x00007ffccafac000 	C:\Program Files\Java\jdk-22\bin\vcruntime140_1.dll
0x00007ffcca890000 - 0x00007ffcca91e000 	C:\Program Files\Java\jdk-22\bin\msvcp140.dll
0x00007ffca8c20000 - 0x00007ffca9967000 	C:\Program Files\Java\jdk-22\bin\server\jvm.dll
0x00007ffcd2940000 - 0x00007ffcd29ab000 	C:\Windows\System32\WS2_32.dll
0x00007ffcd02d0000 - 0x00007ffcd031b000 	C:\Windows\SYSTEM32\POWRPROF.dll
0x00007ffcc5b40000 - 0x00007ffcc5b67000 	C:\Windows\SYSTEM32\WINMM.dll
0x00007ffcd02b0000 - 0x00007ffcd02c2000 	C:\Windows\SYSTEM32\UMPDC.dll
0x00007ffcce300000 - 0x00007ffcce312000 	C:\Windows\SYSTEM32\kernel.appcore.dll
0x00007ffccaf10000 - 0x00007ffccaf1a000 	C:\Program Files\Java\jdk-22\bin\jimage.dll
0x00007ffcbd2a0000 - 0x00007ffcbd484000 	C:\Windows\SYSTEM32\DBGHELP.DLL
0x00007ffcbd260000 - 0x00007ffcbd294000 	C:\Windows\SYSTEM32\dbgcore.DLL
0x00007ffcd05e0000 - 0x00007ffcd0662000 	C:\Windows\System32\bcryptPrimitives.dll
0x00007ffccaeb0000 - 0x00007ffccaece000 	C:\Program Files\Java\jdk-22\bin\java.dll
0x00007ffcd1630000 - 0x00007ffcd1d9c000 	C:\Windows\System32\SHELL32.dll
0x00007ffcd1f20000 - 0x00007ffcd204b000 	C:\Windows\System32\ole32.dll
0x00007ffcd2a30000 - 0x00007ffcd2d83000 	C:\Windows\System32\combase.dll

dbghelp: loaded successfully - version: 4.0.5 - missing functions: none
symbol engine: initialized successfully - sym options: 0x614 - pdb path: .;C:\Program Files\Java\jdk-22\bin;C:\Windows\SYSTEM32;C:\Windows\WinSxS\amd64_microsoft.windows.common-controls_6595b64144ccf1df_6.0.19041.4355_none_60b8b9eb71f62e16;C:\Program Files\Java\jdk-22\bin\server

VM Arguments:
jvm_args: -Dfile.encoding=UTF-8 --module-path=C:\Users\hp\Documents\NetBeansProjects\Fee_Management_System\build\classes 
java_command: fee_management_system.AddStud
java_class_path (initial): C:\Users\hp\Downloads\mysql-connector-java-8.0.28.jar;C:\Users\hp\Documents\NetBeansProjects\Fee_Management_System\build\classes
Launcher Type: SUN_STANDARD

[Global flags]
     intx CICompilerCount                          = 4                                         {product} {ergonomic}
     uint ConcGCThreads                            = 2                                         {product} {ergonomic}
     uint G1ConcRefinementThreads                  = 8                                         {product} {ergonomic}
   size_t G1HeapRegionSize                         = 1048576                                   {product} {ergonomic}
   size_t InitialHeapSize                          = 100663296                                 {product} {ergonomic}
   size_t MarkStackSize                            = 4194304                                   {product} {ergonomic}
   size_t MaxHeapSize                              = 1589641216                                {product} {ergonomic}
   size_t MinHeapDeltaBytes                        = 1048576                                   {product} {ergonomic}
   size_t MinHeapSize                              = 8388608                                   {product} {ergonomic}
    uintx NonNMethodCodeHeapSize                   = 5839372                                {pd product} {ergonomic}
    uintx NonProfiledCodeHeapSize                  = 122909434                              {pd product} {ergonomic}
    uintx ProfiledCodeHeapSize                     = 122909434                              {pd product} {ergonomic}
    uintx ReservedCodeCacheSize                    = 251658240                              {pd product} {ergonomic}
     bool SegmentedCodeCache                       = true                                      {product} {ergonomic}
   size_t SoftMaxHeapSize                          = 1589641216                             {manageable} {ergonomic}
     bool UseCompressedOops                        = true                           {product lp64_product} {ergonomic}
     bool UseG1GC                                  = true                                      {product} {ergonomic}
     bool UseLargePagesIndividualAllocation        = false                                  {pd product} {ergonomic}

Logging:
Log output configuration:
 #0: stdout all=warning uptime,level,tags foldmultilines=false
 #1: stderr all=off uptime,level,tags foldmultilines=false

Environment Variables:
PATH=C:\Program Files\Common Files\Oracle\Java\javapath;C:\Program Files\Python312\Scripts\;C:\Program Files\Python312\;C:\Windows\system32;C:\Windows;C:\Windows\System32\Wbem;C:\Windows\System32\WindowsPowerShell\v1.0\;C:\Windows\System32\OpenSSH\;C:\Program Files\nodejs\;C:\Program Files\Git\cmd;C:\Program Files\MongoDB\Server\7.0\bin;C:\Program Files\Python312\;C:\Program Files\Python312\Scripts\;C:\Program Files\Java\jdk-22\bin;C:\Program Files\MySQL\MySQL Server 8.0\bin;C:\Program Files\MySQL\MySQL Shell 8.0\bin\;C:\Users\hp\AppData\Local\Microsoft\WindowsApps;C:\Users\hp\AppData\Local\Programs\Microsoft VS Code\bin;C:\Users\hp\AppData\Roaming\npm;C:\Program Files\mongosh\
USERNAME=hp
OS=Windows_NT
PROCESSOR_IDENTIFIER=AMD64 Family 23 Model 24 Stepping 1, AuthenticAMD
TMP=C:\Users\hp\AppData\Local\Temp
TEMP=C:\Users\hp\AppData\Local\Temp




Periodic native trim disabled

---------------  S Y S T E M  ---------------

OS:
 Windows 10 , 64 bit Build 19041 (10.0.19041.4597)
OS uptime: 0 days 4:11 hours

CPU: total 8 (initial active 8) (8 cores per cpu, 2 threads per core) family 23 model 24 stepping 1 microcode 0x0, cx8, cmov, fxsr, ht, mmx, 3dnowpref, sse, sse2, sse3, ssse3, sse4a, sse4.1, sse4.2, popcnt, lzcnt, tsc, tscinvbit, avx, avx2, aes, clmul, bmi1, bmi2, adx, sha, fma, vzeroupper, clflush, clflushopt, rdtscp, f16c
Processor Information for all 8 processors :
  Max Mhz: 2100, Current Mhz: 1400, Mhz Limit: 2100

Memory: 4k page, system-wide physical 6058M (349M free)
TotalPageFile size 21242M (AvailPageFile size 87M)
current process WorkingSet (physical memory assigned to process): 11M, peak: 11M
current process commit charge ("private bytes"): 60M, peak: 156M

vm_info: Java HotSpot(TM) 64-Bit Server VM (22.0.1+8-16) for windows-amd64 JRE (22.0.1+8-16), built on 2024-03-12T10:33:16Z by "mach5one" with MS VC++ 17.6 (VS2022)

END.
